# JRE version: OpenJDK Runtime Environment (8.0_252-b09) (build 1.8.0_252-8u252-b09-1~18.04-b09)
# Java VM: OpenJDK 64-Bit Server VM (25.252-b09 mixed mode linux-amd64 compressed oops)
Heap:
 PSYoungGen      total 138752K, used 11751K [0x0000000760000000, 0x0000000769300000, 0x00000007c0000000)
  eden space 126976K, 0% used [0x0000000760000000,0x0000000760000000,0x0000000767c00000)
  from space 11776K, 99% used [0x0000000767c00000,0x0000000768779f38,0x0000000768780000)
  to   space 10752K, 0% used [0x0000000768880000,0x0000000768880000,0x0000000769300000)
 ParOldGen       total 57344K, used 11242K [0x00000006a0000000, 0x00000006a3800000, 0x0000000760000000)
  object space 57344K, 19% used [0x00000006a0000000,0x00000006a0afa990,0x00000006a3800000)
 Metaspace       used 31471K, capacity 32324K, committed 32560K, reserved 1077248K
  class space    used 4287K, capacity 4574K, committed 4656K, reserved 1048576K
GC Heap History (10 events):
Event: 2,286 GC heap after
Heap after GC invocations=3 (full 0):
 PSYoungGen      total 36864K, used 5088K [0x0000000760000000, 0x0000000764800000, 0x00000007c0000000)
  eden space 31744K, 0% used [0x0000000760000000,0x0000000760000000,0x0000000761f00000)
  from space 5120K, 99% used [0x0000000761f00000,0x00000007623f8010,0x0000000762400000)
  to   space 5120K, 0% used [0x0000000764300000,0x0000000764300000,0x0000000764800000)
 ParOldGen       total 84992K, used 1177K [0x00000006a0000000, 0x00000006a5300000, 0x0000000760000000)
  object space 84992K, 1% used [0x00000006a0000000,0x00000006a01267c0,0x00000006a5300000)
 Metaspace       used 12069K, capacity 12400K, committed 12544K, reserved 1060864K
  class space    used 1620K, capacity 1744K, committed 1792K, reserved 1048576K
}
Event: 2,727 GC heap before
{Heap before GC invocations=4 (full 0):
 PSYoungGen      total 36864K, used 36832K [0x0000000760000000, 0x0000000764800000, 0x00000007c0000000)
  eden space 31744K, 100% used [0x0000000760000000,0x0000000761f00000,0x0000000761f00000)
  from space 5120K, 99% used [0x0000000761f00000,0x00000007623f8010,0x0000000762400000)
  to   space 5120K, 0% used [0x0000000764300000,0x0000000764300000,0x0000000764800000)
 ParOldGen       total 84992K, used 1177K [0x00000006a0000000, 0x00000006a5300000, 0x0000000760000000)
  object space 84992K, 1% used [0x00000006a0000000,0x00000006a01267c0,0x00000006a5300000)
 Metaspace       used 14365K, capacity 14718K, committed 14976K, reserved 1062912K
  class space    used 1995K, capacity 2131K, committed 2176K, reserved 1048576K
Event: 2,759 GC heap after
Heap after GC invocations=4 (full 0):
 PSYoungGen      total 68608K, used 5117K [0x0000000760000000, 0x0000000764800000, 0x00000007c0000000)
  eden space 63488K, 0% used [0x0000000760000000,0x0000000760000000,0x0000000763e00000)
  from space 5120K, 99% used [0x0000000764300000,0x00000007647ff420,0x0000000764800000)
  to   space 5120K, 0% used [0x0000000763e00000,0x0000000763e00000,0x0000000764300000)
 ParOldGen       total 84992K, used 3261K [0x00000006a0000000, 0x00000006a5300000, 0x0000000760000000)
  object space 84992K, 3% used [0x00000006a0000000,0x00000006a032f6d8,0x00000006a5300000)
 Metaspace       used 14365K, capacity 14718K, committed 14976K, reserved 1062912K
  class space    used 1995K, capacity 2131K, committed 2176K, reserved 1048576K
}
Event: 3,876 GC heap before
{Heap before GC invocations=5 (full 0):
 PSYoungGen      total 68608K, used 68605K [0x0000000760000000, 0x0000000764800000, 0x00000007c0000000)
  eden space 63488K, 100% used [0x0000000760000000,0x0000000763e00000,0x0000000763e00000)
  from space 5120K, 99% used [0x0000000764300000,0x00000007647ff420,0x0000000764800000)
  to   space 5120K, 0% used [0x0000000763e00000,0x0000000763e00000,0x0000000764300000)
 ParOldGen       total 84992K, used 3261K [0x00000006a0000000, 0x00000006a5300000, 0x0000000760000000)
  object space 84992K, 3% used [0x00000006a0000000,0x00000006a032f6d8,0x00000006a5300000)
 Metaspace       used 18913K, capacity 19362K, committed 19584K, reserved 1067008K
  class space    used 2719K, capacity 2883K, committed 2944K, reserved 1048576K
Event: 3,907 GC heap after
Heap after GC invocations=5 (full 0):
 PSYoungGen      total 68608K, used 5118K [0x0000000760000000, 0x0000000769500000, 0x00000007c0000000)
  eden space 63488K, 0% used [0x0000000760000000,0x0000000760000000,0x0000000763e00000)
  from space 5120K, 99% used [0x0000000763e00000,0x00000007642ff960,0x0000000764300000)
  to   space 12800K, 0% used [0x0000000768880000,0x0000000768880000,0x0000000769500000)
 ParOldGen       total 84992K, used 10528K [0x00000006a0000000, 0x00000006a5300000, 0x0000000760000000)
  object space 84992K, 12% used [0x00000006a0000000,0x00000006a0a48378,0x00000006a5300000)
 Metaspace       used 18913K, capacity 19362K, committed 19584K, reserved 1067008K
  class space    used 2719K, capacity 2883K, committed 2944K, reserved 1048576K
}
Event: 4,254 GC heap before
{Heap before GC invocations=6 (full 0):
 PSYoungGen      total 68608K, used 20431K [0x0000000760000000, 0x0000000769500000, 0x00000007c0000000)
  eden space 63488K, 24% used [0x0000000760000000,0x0000000760ef4658,0x0000000763e00000)
  from space 5120K, 99% used [0x0000000763e00000,0x00000007642ff960,0x0000000764300000)
  to   space 12800K, 0% used [0x0000000768880000,0x0000000768880000,0x0000000769500000)
 ParOldGen       total 84992K, used 10528K [0x00000006a0000000, 0x00000006a5300000, 0x0000000760000000)
  object space 84992K, 12% used [0x00000006a0000000,0x00000006a0a48378,0x00000006a5300000)
 Metaspace       used 20539K, capacity 21158K, committed 21296K, reserved 1067008K
  class space    used 2925K, capacity 3101K, committed 3120K, reserved 1048576K
Event: 4,279 GC heap after
Heap after GC invocations=6 (full 0):
 PSYoungGen      total 137728K, used 5967K [0x0000000760000000, 0x0000000769300000, 0x00000007c0000000)
  eden space 126976K, 0% used [0x0000000760000000,0x0000000760000000,0x0000000767c00000)
  from space 10752K, 55% used [0x0000000768880000,0x0000000768e53f28,0x0000000769300000)
  to   space 11776K, 0% used [0x0000000767c00000,0x0000000767c00000,0x0000000768780000)
 ParOldGen       total 84992K, used 10536K [0x00000006a0000000, 0x00000006a5300000, 0x0000000760000000)
  object space 84992K, 12% used [0x00000006a0000000,0x00000006a0a4a378,0x00000006a5300000)
 Metaspace       used 20539K, capacity 21158K, committed 21296K, reserved 1067008K
  class space    used 2925K, capacity 3101K, committed 3120K, reserved 1048576K
}
Event: 4,279 GC heap before
{Heap before GC invocations=7 (full 1):
 PSYoungGen      total 137728K, used 5967K [0x0000000760000000, 0x0000000769300000, 0x00000007c0000000)
  eden space 126976K, 0% used [0x0000000760000000,0x0000000760000000,0x0000000767c00000)
  from space 10752K, 55% used [0x0000000768880000,0x0000000768e53f28,0x0000000769300000)
  to   space 11776K, 0% used [0x0000000767c00000,0x0000000767c00000,0x0000000768780000)
 ParOldGen       total 84992K, used 10536K [0x00000006a0000000, 0x00000006a5300000, 0x0000000760000000)
  object space 84992K, 12% used [0x00000006a0000000,0x00000006a0a4a378,0x00000006a5300000)
 Metaspace       used 20539K, capacity 21158K, committed 21296K, reserved 1067008K
  class space    used 2925K, capacity 3101K, committed 3120K, reserved 1048576K
Event: 4,366 GC heap after
Heap after GC invocations=7 (full 1):
 PSYoungGen      total 137728K, used 0K [0x0000000760000000, 0x0000000769300000, 0x00000007c0000000)
  eden space 126976K, 0% used [0x0000000760000000,0x0000000760000000,0x0000000767c00000)
  from space 10752K, 0% used [0x0000000768880000,0x0000000768880000,0x0000000769300000)
  to   space 11776K, 0% used [0x0000000767c00000,0x0000000767c00000,0x0000000768780000)
 ParOldGen       total 57344K, used 9073K [0x00000006a0000000, 0x00000006a3800000, 0x0000000760000000)
  object space 57344K, 15% used [0x00000006a0000000,0x00000006a08dc588,0x00000006a3800000)
 Metaspace       used 20539K, capacity 21158K, committed 21296K, reserved 1067008K
  class space    used 2925K, capacity 3101K, committed 3120K, reserved 1048576K
}
Event: 12,456 GC heap before
{Heap before GC invocations=8 (full 1):
 PSYoungGen      total 137728K, used 126835K [0x0000000760000000, 0x0000000769300000, 0x00000007c0000000)
  eden space 126976K, 99% used [0x0000000760000000,0x0000000767bdcd30,0x0000000767c00000)
  from space 10752K, 0% used [0x0000000768880000,0x0000000768880000,0x0000000769300000)
  to   space 11776K, 0% used [0x0000000767c00000,0x0000000767c00000,0x0000000768780000)
 ParOldGen       total 57344K, used 9073K [0x00000006a0000000, 0x00000006a3800000, 0x0000000760000000)
  object space 57344K, 15% used [0x00000006a0000000,0x00000006a08dc588,0x00000006a3800000)
 Metaspace       used 31471K, capacity 32324K, committed 32560K, reserved 1077248K
  class space    used 4287K, capacity 4574K, committed 4656K, reserved 1048576K

